\BOOKMARK [1][-]{section.1}{Chapter 1}{}% 1
\BOOKMARK [2][-]{subsection.1.1}{Vectors}{section.1}% 2
\BOOKMARK [2][-]{subsection.1.2}{Vector Arithmetic}{section.1}% 3
\BOOKMARK [2][-]{subsection.1.3}{Directed Line Segment}{section.1}% 4
\BOOKMARK [2][-]{subsection.1.4}{Equation of a Line}{section.1}% 5
\BOOKMARK [2][-]{subsection.1.5}{Subspaces}{section.1}% 6
\BOOKMARK [3][-]{subsubsection.1.5.1}{Subspace Example 1}{subsection.1.5}% 7
\BOOKMARK [3][-]{subsubsection.1.5.2}{Subspace Example 2}{subsection.1.5}% 8
\BOOKMARK [2][-]{subsection.1.6}{Linear Dependency}{section.1}% 9
\BOOKMARK [3][-]{subsubsection.1.6.1}{Linearly Dependent}{subsection.1.6}% 10
\BOOKMARK [3][-]{subsubsection.1.6.2}{Linearly Independent}{subsection.1.6}% 11
\BOOKMARK [3][-]{subsubsection.1.6.3}{Examples}{subsection.1.6}% 12
\BOOKMARK [2][-]{subsection.1.7}{Norm of a Vector}{section.1}% 13
\BOOKMARK [2][-]{subsection.1.8}{Dot Product}{section.1}% 14
\BOOKMARK [3][-]{subsubsection.1.8.1}{Unit Vector}{subsection.1.8}% 15
\BOOKMARK [2][-]{subsection.1.9}{Projection}{section.1}% 16
\BOOKMARK [2][-]{subsection.1.10}{Equation of a Plane}{section.1}% 17
\BOOKMARK [1][-]{section.2}{Chapter 2}{}% 18
\BOOKMARK [2][-]{subsection.2.1}{System of Linear Equations}{section.2}% 19
\BOOKMARK [2][-]{subsection.2.2}{System of Equation in Matrix Form}{section.2}% 20
\BOOKMARK [3][-]{subsubsection.2.2.1}{Homogeneous System}{subsection.2.2}% 21
\BOOKMARK [2][-]{subsection.2.3}{Elementary Row Operations}{section.2}% 22
\BOOKMARK [2][-]{subsection.2.4}{REF and RREF}{section.2}% 23
\BOOKMARK [3][-]{subsubsection.2.4.1}{Solution Set}{subsection.2.4}% 24
\BOOKMARK [3][-]{subsubsection.2.4.2}{Rank}{subsection.2.4}% 25
\BOOKMARK [1][-]{section.3}{Chapter 3}{}% 26
\BOOKMARK [2][-]{subsection.3.1}{Matrix Operations}{section.3}% 27
\BOOKMARK [3][-]{subsubsection.3.1.1}{Matrix Multiplication}{subsection.3.1}% 28
\BOOKMARK [2][-]{subsection.3.2}{Transpose of Matrix}{section.3}% 29
\BOOKMARK [2][-]{subsection.3.3}{Matrix Inverse}{section.3}% 30
\BOOKMARK [3][-]{subsubsection.3.3.1}{Process of Finding Inverse}{subsection.3.3}% 31
\BOOKMARK [2][-]{subsection.3.4}{Important Properties}{section.3}% 32
\BOOKMARK [2][-]{subsection.3.5}{Matrix Mapping}{section.3}% 33
\BOOKMARK [2][-]{subsection.3.6}{Linear Mapping}{section.3}% 34
\BOOKMARK [3][-]{subsubsection.3.6.1}{Example:Proving Linear Mapping}{subsection.3.6}% 35
\BOOKMARK [2][-]{subsection.3.7}{Standard Matrix of a Linear Mapping}{section.3}% 36
\BOOKMARK [3][-]{subsubsection.3.7.1}{Example of Standard Matrix}{subsection.3.7}% 37
